Log entry at 2025-07-01 08:48:31
Log entry at 2025-07-01 08:48:43
Log entry at 2025-07-01 08:48:55
Log entry at 2025-07-01 08:49:07
Log entry at 2025-07-01 08:49:19
Log entry at 2025-07-01 08:49:31
Log entry at 2025-07-01 08:49:43
Log entry at 2025-07-01 08:49:55
Log entry at 2025-07-01 08:50:07
Log entry at 2025-07-01 08:50:19
Log entry at 2025-07-01 08:50:31
Log entry at 2025-07-01 08:50:43
Log entry at 2025-07-01 08:50:55
Log entry at 2025-07-01 08:51:07
Log entry at 2025-07-01 08:51:19
Log entry at 2025-07-01T08:51:27.387Z
Log entry at 2025-07-01T08:51:49.042Z
Log entry at 2025-07-01T08:52:01.046Z
Log entry at 2025-07-01T08:52:13.062Z
Log entry at 2025-07-01T08:52:25.073Z
Log entry at 2025-07-01T08:52:37.088Z
Log entry at 2025-07-01T08:52:49.094Z
Log entry at 2:23:00 PM
Log entry at 2:23:12 PM
Log entry at 2:23:24 PM
Log entry at 2:23:36 PM
Log entry at 2025-07-01 08:54:22.975Z
Log entry at 2025-07-01 08:54:34.985Z
Log entry at 2025-07-01 08:54:46.986Z
Log entry at 2025-07-01 08:54:58.987Z
Log entry at 2025-07-01 08:55:11.003Z
Log entry at 2025-07-01 08:55:23.013Z
Log entry at 2025-07-01 08:55:35.017Z
Log entry at 2025-07-01 08:55:47.025Z
Log entry at 2025-07-01 08:56:25
Log entry at 2025-07-01 08:56:37
Log entry at 2025-07-01 08:56:49
Log entry at 2025-07-01 08:57:01
Log entry at 2025-07-01 08:57:13
Log entry at 2025-07-01 08:57:25
Log activity at 2025-07-09T17:48:00.181Z 
